[EXECUTOR] executeTask - Begin task execution
WORKER - Parameters of execution:
  * Method type: METHOD
  * Method definition: [DECLARING CLASS=simple_wf, METHOD NAME=prepare_pdb]
  * Parameter types: java.lang.String java.lang.String
  * Parameter values: IzFaSEk= Iy9ob21lL2JzYzE5L2JzYzE5Mjc1L2hhZGRvY2svQk01LWNsZWFuL2hhZGRvY2syNC5zaWY=
  * Parameter streams: UNSPECIFIED UNSPECIFIED
  * Parameter prefixes: null null
  * Has Target: false
  * Has Return: true
[INVOKER] COMPSS_HOSTNAMES: s02r2b39
[INVOKER] COMPSS_NUM_NODES: 1
[INVOKER] COMPSS_NUM_THREADS: 1
pycompss.worker.piper.piper_worker executor - Received task in process: Process-0
pycompss.worker.piper.piper_worker executor -  - TASK CMD: ['EXECUTE_TASK', '1', '/home/bsc19/bsc19275/haddock/code/tmp.YquxSaXrAF/817db0f5-e32b-4066-ba3d-6afcbfd067ec/s02r2b39-ib0/jobs/job1_NEW.out', '/home/bsc19/bsc19275/haddock/code/tmp.YquxSaXrAF/817db0f5-e32b-4066-ba3d-6afcbfd067ec/s02r2b39-ib0/jobs/job1_NEW.err', '0', '1', 'true', 'null', 'METHOD', 'simple_wf', 'prepare_pdb', '0', '1', 's02r2b39-ib0', '1', 'false', '9', '1', '3', '8', '3', 'null', 'input_pdb_dir', '1', 'IzFaSEk=', '8', '3', 'null', 'haddock_img', '1', 'Iy9ob21lL2JzYzE5L2JzYzE5Mjc1L2hhZGRvY2svQk01LWNsZWFuL2hhZGRvY2syNC5zaWY=', '9', '3', '#', '$return_0', '/home/bsc19/bsc19275/haddock/code/tmp.YquxSaXrAF/817db0f5-e32b-4066-ba3d-6afcbfd067ec/s02r2b39-ib0/sandBox/job_1/compss-serialized-obj_b1286934-5169-11ea-ab71-0894ef428f50-1:d1v2_1581932498703.IT:false:true:/home/bsc19/bsc19275/haddock/code/tmp.YquxSaXrAF/817db0f5-e32b-4066-ba3d-6afcbfd067ec/s02r2b39-ib0/sandBox/job_1/compss-serialized-obj_b1286934-5169-11ea-ab71-0894ef428f50-1']
pycompss.worker.piper.piper_worker executor - Process environment:
pycompss.worker.piper.piper_worker executor - 	 - Number of nodes: 1
pycompss.worker.piper.piper_worker executor - 	 - Hostnames: s02r2b39-ib0
pycompss.worker.piper.piper_worker executor - 	 - Number of threads: 1
pycompss.worker.piper.piper_worker worker - Begin task execution in Process-0
pycompss.worker.piper.piper_worker worker - Storage conf: null
pycompss.worker.piper.piper_worker worker - Params: ['simple_wf', 'prepare_pdb', '0', '1', 's02r2b39-ib0', '1', 'false', '9', '1', '3', '8', '3', 'null', 'input_pdb_dir', '1', 'IzFaSEk=', '8', '3', 'null', 'haddock_img', '1', 'Iy9ob21lL2JzYzE5L2JzYzE5Mjc1L2hhZGRvY2svQk01LWNsZWFuL2hhZGRvY2syNC5zaWY=', '9', '3', '#', '$return_0', '/home/bsc19/bsc19275/haddock/code/tmp.YquxSaXrAF/817db0f5-e32b-4066-ba3d-6afcbfd067ec/s02r2b39-ib0/sandBox/job_1/compss-serialized-obj_b1286934-5169-11ea-ab71-0894ef428f50-1:d1v2_1581932498703.IT:false:true:/home/bsc19/bsc19275/haddock/code/tmp.YquxSaXrAF/817db0f5-e32b-4066-ba3d-6afcbfd067ec/s02r2b39-ib0/sandBox/job_1/compss-serialized-obj_b1286934-5169-11ea-ab71-0894ef428f50-1']
pycompss.worker.piper.piper_worker worker - Path: simple_wf
pycompss.worker.piper.piper_worker worker - Method name: prepare_pdb
pycompss.worker.piper.piper_worker worker - Num slaves: 1
pycompss.worker.piper.piper_worker worker - Slaves: ['1']
pycompss.worker.piper.piper_worker worker - Cus: 1
pycompss.worker.piper.piper_worker worker - Has target: false
pycompss.worker.piper.piper_worker worker - Num Params: 3
pycompss.worker.piper.piper_worker worker - Return Length: 1
pycompss.worker.piper.piper_worker worker - Args: ['8', '3', 'null', 'input_pdb_dir', '1', 'IzFaSEk=', '8', '3', 'null', 'haddock_img', '1', 'Iy9ob21lL2JzYzE5L2JzYzE5Mjc1L2hhZGRvY2svQk01LWNsZWFuL2hhZGRvY2syNC5zaWY=', '9', '3', '#', '$return_0', '/home/bsc19/bsc19275/haddock/code/tmp.YquxSaXrAF/817db0f5-e32b-4066-ba3d-6afcbfd067ec/s02r2b39-ib0/sandBox/job_1/compss-serialized-obj_b1286934-5169-11ea-ab71-0894ef428f50-1:d1v2_1581932498703.IT:false:true:/home/bsc19/bsc19275/haddock/code/tmp.YquxSaXrAF/817db0f5-e32b-4066-ba3d-6afcbfd067ec/s02r2b39-ib0/sandBox/job_1/compss-serialized-obj_b1286934-5169-11ea-ab71-0894ef428f50-1']
pycompss.worker.piper.piper_worker worker - Processing parameters:
pycompss.worker.piper.piper_worker worker - Parameter : 0
pycompss.worker.piper.piper_worker worker - 	 * Type : 8
pycompss.worker.piper.piper_worker worker - 	 * Std IO Stream : 3
pycompss.worker.piper.piper_worker worker - 	 * Prefix : null
pycompss.worker.piper.piper_worker worker - 	 * Name : input_pdb_dir
pycompss.worker.piper.piper_worker worker - 	 * Value: '1'
pycompss.worker.piper.piper_worker worker - Parameter : 1
pycompss.worker.piper.piper_worker worker - 	 * Type : 8
pycompss.worker.piper.piper_worker worker - 	 * Std IO Stream : 3
pycompss.worker.piper.piper_worker worker - 	 * Prefix : null
pycompss.worker.piper.piper_worker worker - 	 * Name : haddock_img
pycompss.worker.piper.piper_worker worker - 	 * Value: '1'
pycompss.worker.piper.piper_worker worker - Parameter : 2
pycompss.worker.piper.piper_worker worker - 	 * Type : 9
pycompss.worker.piper.piper_worker worker - 	 * Std IO Stream : 3
pycompss.worker.piper.piper_worker worker - 	 * Prefix : #
pycompss.worker.piper.piper_worker worker - 	 * Name : $return_0
pycompss.worker.piper.piper_worker worker - 	 * Value: '/home/bsc19/bsc19275/haddock/code/tmp.YquxSaXrAF/817db0f5-e32b-4066-ba3d-6afcbfd067ec/s02r2b39-ib0/sandBox/job_1/compss-serialized-obj_b1286934-5169-11ea-ab71-0894ef428f50-1:d1v2_1581932498703.IT:false:true:/home/bsc19/bsc19275/haddock/code/tmp.YquxSaXrAF/817db0f5-e32b-4066-ba3d-6afcbfd067ec/s02r2b39-ib0/sandBox/job_1/compss-serialized-obj_b1286934-5169-11ea-ab71-0894ef428f50-1'
pycompss.worker.piper.piper_worker worker - RUN TASK with arguments:
pycompss.worker.piper.piper_worker worker - 	- Path: simple_wf
pycompss.worker.piper.piper_worker worker - 	- Method/function name: prepare_pdb
pycompss.worker.piper.piper_worker worker - 	- Has target: false
pycompss.worker.piper.piper_worker worker - 	- # parameters: 3
pycompss.worker.piper.piper_worker worker - 	- Values:
pycompss.worker.piper.piper_worker worker - 		 
Parameter input_pdb_dir
	Type 8
	File Name None
	Key None
	Content 1ZHI
	Stream 3
	Prefix null
--------------------

pycompss.worker.piper.piper_worker worker - 		 
Parameter haddock_img
	Type 8
	File Name None
	Key None
	Content /home/bsc19/bsc19275/haddock/BM5-clean/haddock24.sif
	Stream 3
	Prefix null
--------------------

pycompss.worker.piper.piper_worker worker - 		 
Parameter $return_0
	Type 9
	File Name /home/bsc19/bsc19275/haddock/code/tmp.YquxSaXrAF/817db0f5-e32b-4066-ba3d-6afcbfd067ec/s02r2b39-ib0/sandBox/job_1/compss-serialized-obj_b1286934-5169-11ea-ab71-0894ef428f50-1:d1v2_1581932498703.IT:false:true:/home/bsc19/bsc19275/haddock/code/tmp.YquxSaXrAF/817db0f5-e32b-4066-ba3d-6afcbfd067ec/s02r2b39-ib0/sandBox/job_1/compss-serialized-obj_b1286934-5169-11ea-ab71-0894ef428f50-1
	Key None
	Content None
	Stream 3
	Prefix #
--------------------

pycompss.worker.piper.piper_worker worker - 	- COMPSs types:
pycompss.worker.piper.piper_worker worker - 		 8
pycompss.worker.piper.piper_worker worker - 		 8
pycompss.worker.piper.piper_worker worker - 		 9
pycompss.worker.piper.piper_worker worker - Trying to import the user module: simple_wf
pycompss.worker.piper.piper_worker executor - Process-0 - Exception [Errno 2] No such file or directory: '1ZHI/run.param'
Traceback (most recent call last):
  File "/apps/COMPSs/2.6/Bindings/python/2/pycompss/worker/piper/commons/executor.py", line 390, in process_task
    logger)
  File "/apps/COMPSs/2.6/Bindings/python/2/pycompss/worker/commons/worker.py", line 484, in execute_task
    module = importlib.import_module(path)  # Python 2.7
  File "/usr/lib64/python2.7/importlib/__init__.py", line 37, in import_module
    __import__(name)
  File "/home/bsc19/bsc19275/haddock/code/simple_wf.py", line 48, in <module>
    run_param_path = prepare_pdb(pdb_dir, haddock_img)
  File "/apps/COMPSs/2.6/Bindings/python/2/pycompss/api/task.py", line 256, in task_decorator
    return self.sequential_call(*args, **kwargs)
  File "/apps/COMPSs/2.6/Bindings/python/2/pycompss/api/task.py", line 1528, in sequential_call
    return d_t.__call__(self.user_function)(*args, **kwargs)
  File "/apps/COMPSs/2.6/Bindings/python/2/pycompss/api/dummy/task.py", line 38, in wrapped_f
    return f(*args, **kwargs)
  File "/home/bsc19/bsc19275/haddock/code/simple_wf.py", line 14, in prepare_pdb
    with open(os.path.join(input_pdb_dir, 'run.param'), 'w') as runparam:
IOError: [Errno 2] No such file or directory: '1ZHI/run.param'
pycompss.worker.piper.piper_worker executor - Cleaning environment.
pycompss.worker.piper.piper_worker executor - Restoring loggers.
